<?xml version="1.0" encoding="UTF-8"?>
<testsuite name="com.yyh.book.springboot.dto.HelloResponseDtoTest" tests="1" skipped="0" failures="0" errors="0" timestamp="2021-01-05T08:50:01" hostname="DESKTOP-AFH3TSU" time="0.004">
  <properties/>
  <testcase name="롬복_기능_테스트" classname="com.yyh.book.springboot.dto.HelloResponseDtoTest" time="0.004"/>
  <system-out><![CDATA[]]></system-out>
  <system-err><![CDATA[]]></system-err>
</testsuite>
