<?xml version="1.0" encoding="UTF-8"?>
<testsuite name="com.yyh.book.springboot.domain.posts.PostsRepositoryTEST" tests="2" skipped="0" failures="0" errors="0" timestamp="2021-01-05T08:50:00" hostname="DESKTOP-AFH3TSU" time="0.399">
  <properties/>
  <testcase name="게시글저장_불러오기" classname="com.yyh.book.springboot.domain.posts.PostsRepositoryTEST" time="0.386"/>
  <testcase name="BaseTimeEntity_등록" classname="com.yyh.book.springboot.domain.posts.PostsRepositoryTEST" time="0.012"/>
  <system-out><![CDATA[17:49:50.378 [Test worker] DEBUG org.springframework.test.context.junit4.SpringJUnit4ClassRunner - SpringJUnit4ClassRunner constructor called with [class com.yyh.book.springboot.domain.posts.PostsRepositoryTEST]
17:49:50.389 [Test worker] DEBUG org.springframework.test.context.BootstrapUtils - Instantiating CacheAwareContextLoaderDelegate from class [org.springframework.test.context.cache.DefaultCacheAwareContextLoaderDelegate]
17:49:50.405 [Test worker] DEBUG org.springframework.test.context.BootstrapUtils - Instantiating BootstrapContext using constructor [public org.springframework.test.context.support.DefaultBootstrapContext(java.lang.Class,org.springframework.test.context.CacheAwareContextLoaderDelegate)]
17:49:50.432 [Test worker] DEBUG org.springframework.test.context.BootstrapUtils - Instantiating TestContextBootstrapper for test class [com.yyh.book.springboot.domain.posts.PostsRepositoryTEST] from class [org.springframework.boot.test.context.SpringBootTestContextBootstrapper]
17:49:50.460 [Test worker] INFO org.springframework.boot.test.context.SpringBootTestContextBootstrapper - Neither @ContextConfiguration nor @ContextHierarchy found for test class [com.yyh.book.springboot.domain.posts.PostsRepositoryTEST], using SpringBootContextLoader
17:49:50.467 [Test worker] DEBUG org.springframework.test.context.support.AbstractContextLoader - Did not detect default resource location for test class [com.yyh.book.springboot.domain.posts.PostsRepositoryTEST]: class path resource [com/yyh/book/springboot/domain/posts/PostsRepositoryTEST-context.xml] does not exist
17:49:50.468 [Test worker] DEBUG org.springframework.test.context.support.AbstractContextLoader - Did not detect default resource location for test class [com.yyh.book.springboot.domain.posts.PostsRepositoryTEST]: class path resource [com/yyh/book/springboot/domain/posts/PostsRepositoryTESTContext.groovy] does not exist
17:49:50.468 [Test worker] INFO org.springframework.test.context.support.AbstractContextLoader - Could not detect default resource locations for test class [com.yyh.book.springboot.domain.posts.PostsRepositoryTEST]: no resource found for suffixes {-context.xml, Context.groovy}.
17:49:50.470 [Test worker] INFO org.springframework.test.context.support.AnnotationConfigContextLoaderUtils - Could not detect default configuration classes for test class [com.yyh.book.springboot.domain.posts.PostsRepositoryTEST]: PostsRepositoryTEST does not declare any static, non-private, non-final, nested classes annotated with @Configuration.
17:49:50.540 [Test worker] DEBUG org.springframework.test.context.support.ActiveProfilesUtils - Could not find an 'annotation declaring class' for annotation type [org.springframework.test.context.ActiveProfiles] and class [com.yyh.book.springboot.domain.posts.PostsRepositoryTEST]
17:49:50.697 [Test worker] DEBUG org.springframework.context.annotation.ClassPathScanningCandidateComponentProvider - Identified candidate component class: file [C:\Users\yoony\OneDrive\Desktop\웹서비스\practice1\build\classes\java\main\com\yyh\book\springboot\Application.class]
17:49:50.699 [Test worker] INFO org.springframework.boot.test.context.SpringBootTestContextBootstrapper - Found @SpringBootConfiguration com.yyh.book.springboot.Application for test class com.yyh.book.springboot.domain.posts.PostsRepositoryTEST
17:49:50.867 [Test worker] DEBUG org.springframework.boot.test.context.SpringBootTestContextBootstrapper - @TestExecutionListeners is not present for class [com.yyh.book.springboot.domain.posts.PostsRepositoryTEST]: using defaults.
17:49:50.868 [Test worker] INFO org.springframework.boot.test.context.SpringBootTestContextBootstrapper - Loaded default TestExecutionListener class names from location [META-INF/spring.factories]: [org.springframework.security.test.context.support.WithSecurityContextTestExecutionListener, org.springframework.security.test.context.support.ReactorContextTestExecutionListener, org.springframework.boot.test.autoconfigure.restdocs.RestDocsTestExecutionListener, org.springframework.boot.test.autoconfigure.web.client.MockRestServiceServerResetTestExecutionListener, org.springframework.boot.test.autoconfigure.web.servlet.MockMvcPrintOnlyOnFailureTestExecutionListener, org.springframework.boot.test.autoconfigure.web.servlet.WebDriverTestExecutionListener, org.springframework.boot.test.mock.mockito.MockitoTestExecutionListener, org.springframework.boot.test.mock.mockito.ResetMocksTestExecutionListener, org.springframework.test.context.web.ServletTestExecutionListener, org.springframework.test.context.support.DirtiesContextBeforeModesTestExecutionListener, org.springframework.test.context.support.DependencyInjectionTestExecutionListener, org.springframework.test.context.support.DirtiesContextTestExecutionListener, org.springframework.test.context.transaction.TransactionalTestExecutionListener, org.springframework.test.context.jdbc.SqlScriptsTestExecutionListener]
17:49:50.920 [Test worker] INFO org.springframework.boot.test.context.SpringBootTestContextBootstrapper - Using TestExecutionListeners: [org.springframework.test.context.web.ServletTestExecutionListener@6f94e7e9, org.springframework.test.context.support.DirtiesContextBeforeModesTestExecutionListener@7b0d1700, org.springframework.boot.test.mock.mockito.MockitoTestExecutionListener@7fbd014a, org.springframework.boot.test.autoconfigure.SpringBootDependencyInjectionTestExecutionListener@5c2946fa, org.springframework.test.context.support.DirtiesContextTestExecutionListener@144a5939, org.springframework.test.context.transaction.TransactionalTestExecutionListener@7ecf9a7, org.springframework.test.context.jdbc.SqlScriptsTestExecutionListener@104c1f41, org.springframework.security.test.context.support.WithSecurityContextTestExecutionListener@6c49524, org.springframework.security.test.context.support.ReactorContextTestExecutionListener@40019754, org.springframework.boot.test.autoconfigure.restdocs.RestDocsTestExecutionListener@20406f32, org.springframework.boot.test.autoconfigure.web.client.MockRestServiceServerResetTestExecutionListener@5086da6c, org.springframework.boot.test.autoconfigure.web.servlet.MockMvcPrintOnlyOnFailureTestExecutionListener@724918ed, org.springframework.boot.test.autoconfigure.web.servlet.WebDriverTestExecutionListener@3e3e9ac7, org.springframework.boot.test.mock.mockito.ResetMocksTestExecutionListener@1da44bcd]
17:49:50.925 [Test worker] DEBUG org.springframework.test.annotation.ProfileValueUtils - Retrieved @ProfileValueSourceConfiguration [null] for test class [com.yyh.book.springboot.domain.posts.PostsRepositoryTEST]
17:49:50.926 [Test worker] DEBUG org.springframework.test.annotation.ProfileValueUtils - Retrieved ProfileValueSource type [class org.springframework.test.annotation.SystemProfileValueSource] for class [com.yyh.book.springboot.domain.posts.PostsRepositoryTEST]
17:49:50.927 [Test worker] DEBUG org.springframework.test.annotation.ProfileValueUtils - Retrieved @ProfileValueSourceConfiguration [null] for test class [com.yyh.book.springboot.domain.posts.PostsRepositoryTEST]
17:49:50.927 [Test worker] DEBUG org.springframework.test.annotation.ProfileValueUtils - Retrieved ProfileValueSource type [class org.springframework.test.annotation.SystemProfileValueSource] for class [com.yyh.book.springboot.domain.posts.PostsRepositoryTEST]
17:49:50.935 [Test worker] DEBUG org.springframework.test.context.support.AbstractDirtiesContextTestExecutionListener - Before test class: context [DefaultTestContext@748915cb testClass = PostsRepositoryTEST, testInstance = [null], testMethod = [null], testException = [null], mergedContextConfiguration = [WebMergedContextConfiguration@71374b testClass = PostsRepositoryTEST, locations = '{}', classes = '{class com.yyh.book.springboot.Application}', contextInitializerClasses = '[]', activeProfiles = '{}', propertySourceLocations = '{}', propertySourceProperties = '{org.springframework.boot.test.context.SpringBootTestContextBootstrapper=true}', contextCustomizers = set[org.springframework.boot.test.autoconfigure.properties.PropertyMappingContextCustomizer@0, org.springframework.boot.test.autoconfigure.web.servlet.WebDriverContextCustomizerFactory$Customizer@365a1ecd, org.springframework.boot.test.context.filter.ExcludeFilterContextCustomizer@358fb22b, org.springframework.boot.test.json.DuplicateJsonObjectContextCustomizerFactory$DuplicateJsonObjectContextCustomizer@4ca815be, org.springframework.boot.test.mock.mockito.MockitoContextCustomizer@0, org.springframework.boot.test.web.client.TestRestTemplateContextCustomizer@52b32f2b], resourceBasePath = 'src/main/webapp', contextLoader = 'org.springframework.boot.test.context.SpringBootContextLoader', parent = [null]], attributes = map['org.springframework.test.context.web.ServletTestExecutionListener.activateListener' -> true]], class annotated with @DirtiesContext [false] with mode [null].
17:49:50.936 [Test worker] DEBUG org.springframework.test.annotation.ProfileValueUtils - Retrieved @ProfileValueSourceConfiguration [null] for test class [com.yyh.book.springboot.domain.posts.PostsRepositoryTEST]
17:49:50.936 [Test worker] DEBUG org.springframework.test.annotation.ProfileValueUtils - Retrieved ProfileValueSource type [class org.springframework.test.annotation.SystemProfileValueSource] for class [com.yyh.book.springboot.domain.posts.PostsRepositoryTEST]
17:49:50.969 [Test worker] DEBUG org.springframework.test.context.support.TestPropertySourceUtils - Adding inlined properties to environment: {spring.jmx.enabled=false, org.springframework.boot.test.context.SpringBootTestContextBootstrapper=true, server.port=-1}

  .   ____          _            __ _ _
 /\\ / ___'_ __ _ _(_)_ __  __ _ \ \ \ \
( ( )\___ | '_ | '_| | '_ \/ _` | \ \ \ \
 \\/  ___)| |_)| | | | | || (_| |  ) ) ) )
  '  |____| .__|_| |_|_| |_\__, | / / / /
 =========|_|==============|___/=/_/_/_/
 :: Spring Boot ::        (v2.1.7.RELEASE)

2021-01-05 17:49:51.467  INFO 15896 --- [    Test worker] c.y.b.s.d.posts.PostsRepositoryTEST      : Starting PostsRepositoryTEST on DESKTOP-AFH3TSU with PID 15896 (started by yoony in C:\Users\yoony\OneDrive\Desktop\웹서비스\practice1)
2021-01-05 17:49:51.470  INFO 15896 --- [    Test worker] c.y.b.s.d.posts.PostsRepositoryTEST      : No active profile set, falling back to default profiles: default
2021-01-05 17:49:52.950  INFO 15896 --- [    Test worker] .s.d.r.c.RepositoryConfigurationDelegate : Bootstrapping Spring Data repositories in DEFAULT mode.
2021-01-05 17:49:53.099  INFO 15896 --- [    Test worker] .s.d.r.c.RepositoryConfigurationDelegate : Finished Spring Data repository scanning in 134ms. Found 2 repository interfaces.
2021-01-05 17:49:53.898  INFO 15896 --- [    Test worker] trationDelegate$BeanPostProcessorChecker : Bean 'org.springframework.transaction.annotation.ProxyTransactionManagementConfiguration' of type [org.springframework.transaction.annotation.ProxyTransactionManagementConfiguration$$EnhancerBySpringCGLIB$$3ce79b05] is not eligible for getting processed by all BeanPostProcessors (for example: not eligible for auto-proxying)
2021-01-05 17:49:54.280  INFO 15896 --- [    Test worker] com.zaxxer.hikari.HikariDataSource       : HikariPool-1 - Starting...
2021-01-05 17:49:54.531  INFO 15896 --- [    Test worker] com.zaxxer.hikari.HikariDataSource       : HikariPool-1 - Start completed.
2021-01-05 17:49:54.726  INFO 15896 --- [    Test worker] o.hibernate.jpa.internal.util.LogHelper  : HHH000204: Processing PersistenceUnitInfo [
	name: default
	...]
2021-01-05 17:49:54.860  INFO 15896 --- [    Test worker] org.hibernate.Version                    : HHH000412: Hibernate Core {5.3.10.Final}
2021-01-05 17:49:54.863  INFO 15896 --- [    Test worker] org.hibernate.cfg.Environment            : HHH000206: hibernate.properties not found
2021-01-05 17:49:55.142  INFO 15896 --- [    Test worker] o.hibernate.annotations.common.Version   : HCANN000001: Hibernate Commons Annotations {5.0.4.Final}
2021-01-05 17:49:55.515  INFO 15896 --- [    Test worker] org.hibernate.dialect.Dialect            : HHH000400: Using dialect: org.hibernate.dialect.MySQL5InnoDBDialect
Hibernate: drop table if exists posts
Hibernate: drop table if exists user
Hibernate: create table posts (id bigint not null auto_increment, created_date datetime, modified_date datetime, author varchar(255), content TEXT not null, title varchar(500) not null, primary key (id)) engine=InnoDB
Hibernate: create table user (id bigint not null auto_increment, created_date datetime, modified_date datetime, email varchar(255) not null, name varchar(255) not null, picture varchar(255), role varchar(255) not null, primary key (id)) engine=InnoDB
2021-01-05 17:49:56.706  INFO 15896 --- [    Test worker] o.h.t.schema.internal.SchemaCreatorImpl  : HHH000476: Executing import script 'org.hibernate.tool.schema.internal.exec.ScriptSourceInputNonExistentImpl@6d7ec09e'
2021-01-05 17:49:56.711  INFO 15896 --- [    Test worker] j.LocalContainerEntityManagerFactoryBean : Initialized JPA EntityManagerFactory for persistence unit 'default'
2021-01-05 17:49:57.601  INFO 15896 --- [    Test worker] o.h.h.i.QueryTranslatorFactoryInitiator  : HHH000397: Using ASTQueryTranslatorFactory
2021-01-05 17:49:58.652  INFO 15896 --- [    Test worker] o.s.s.web.DefaultSecurityFilterChain     : Creating filter chain: any request, [org.springframework.security.web.context.request.async.WebAsyncManagerIntegrationFilter@6cdfcf41, org.springframework.security.web.context.SecurityContextPersistenceFilter@154fe2dd, org.springframework.security.web.header.HeaderWriterFilter@d2a44ce, org.springframework.security.web.authentication.logout.LogoutFilter@713faac0, org.springframework.security.oauth2.client.web.OAuth2AuthorizationRequestRedirectFilter@24c0f339, org.springframework.security.oauth2.client.web.OAuth2LoginAuthenticationFilter@7471a094, org.springframework.security.web.authentication.ui.DefaultLoginPageGeneratingFilter@2e2fc20a, org.springframework.security.web.authentication.ui.DefaultLogoutPageGeneratingFilter@5fe3a574, org.springframework.security.web.savedrequest.RequestCacheAwareFilter@520146bc, org.springframework.security.web.servletapi.SecurityContextHolderAwareRequestFilter@2f6edfe8, org.springframework.security.web.authentication.AnonymousAuthenticationFilter@58521814, org.springframework.security.web.session.SessionManagementFilter@5f83f9d0, org.springframework.security.web.access.ExceptionTranslationFilter@74540938, org.springframework.security.web.access.intercept.FilterSecurityInterceptor@52fad518]
2021-01-05 17:49:59.694  INFO 15896 --- [    Test worker] o.s.s.concurrent.ThreadPoolTaskExecutor  : Initializing ExecutorService 'applicationTaskExecutor'
2021-01-05 17:49:59.789  WARN 15896 --- [    Test worker] aWebConfiguration$JpaWebMvcConfiguration : spring.jpa.open-in-view is enabled by default. Therefore, database queries may be performed during view rendering. Explicitly configure spring.jpa.open-in-view to disable this warning
2021-01-05 17:49:59.878  INFO 15896 --- [    Test worker] o.s.b.a.w.s.WelcomePageHandlerMapping    : Adding welcome page template: index
2021-01-05 17:50:00.847  INFO 15896 --- [    Test worker] s.a.ScheduledAnnotationBeanPostProcessor : No TaskScheduler/ScheduledExecutorService bean found for scheduled processing
2021-01-05 17:50:00.863  INFO 15896 --- [    Test worker] c.y.b.s.d.posts.PostsRepositoryTEST      : Started PostsRepositoryTEST in 9.883 seconds (JVM running for 12.136)
Hibernate: insert into posts (created_date, modified_date, author, content, title) values (?, ?, ?, ?, ?)
Hibernate: select posts0_.id as id1_0_, posts0_.created_date as created_2_0_, posts0_.modified_date as modified3_0_, posts0_.author as author4_0_, posts0_.content as content5_0_, posts0_.title as title6_0_ from posts posts0_
Hibernate: select posts0_.id as id1_0_, posts0_.created_date as created_2_0_, posts0_.modified_date as modified3_0_, posts0_.author as author4_0_, posts0_.content as content5_0_, posts0_.title as title6_0_ from posts posts0_
Hibernate: delete from posts where id=?
Hibernate: insert into posts (created_date, modified_date, author, content, title) values (?, ?, ?, ?, ?)
Hibernate: select posts0_.id as id1_0_, posts0_.created_date as created_2_0_, posts0_.modified_date as modified3_0_, posts0_.author as author4_0_, posts0_.content as content5_0_, posts0_.title as title6_0_ from posts posts0_
>>>>>>>>>>> createDate2021-01-05T17:50:01.283,modifiedDate2021-01-05T17:50:01.283
Hibernate: select posts0_.id as id1_0_, posts0_.created_date as created_2_0_, posts0_.modified_date as modified3_0_, posts0_.author as author4_0_, posts0_.content as content5_0_, posts0_.title as title6_0_ from posts posts0_
Hibernate: delete from posts where id=?
]]></system-out>
  <system-err><![CDATA[]]></system-err>
</testsuite>
